TN:
SF:src/modules/appointments/services/CreateAppointmentService.ts
FN:12,(anonymous_18)
FN:13,CreateAppointmentService
FN:18,(anonymous_20)
FNF:3
FNH:3
FNDA:1,(anonymous_18)
FNDA:2,CreateAppointmentService
FNDA:3,(anonymous_20)
DA:1,1
DA:2,1
DA:3,1
DA:12,1
DA:15,2
DA:18,1
DA:19,3
DA:20,3
DA:22,3
DA:24,3
DA:28,3
DA:29,1
DA:32,2
DA:37,2
DA:39,1
DA:41,1
LF:16
LH:16
BRDA:28,0,0,1
BRDA:28,0,1,2
BRF:2
BRH:2
end_of_record
TN:
SF:src/modules/users/services/AuthenticateUserService.ts
FN:18,(anonymous_18)
FN:19,AuthenticateUserService
FN:26,(anonymous_20)
FNF:3
FNH:3
FNDA:1,(anonymous_18)
FNDA:3,AuthenticateUserService
FNDA:3,(anonymous_20)
DA:1,1
DA:3,1
DA:4,1
DA:5,1
DA:18,1
DA:21,3
DA:23,3
DA:26,1
DA:27,3
DA:28,3
DA:30,3
DA:32,3
DA:33,1
DA:36,2
DA:41,2
DA:42,1
DA:45,1
DA:46,1
DA:50,1
DA:55,1
LF:20
LH:20
BRDA:30,0,0,3
BRDA:32,1,0,1
BRDA:32,1,1,2
BRDA:41,2,0,1
BRDA:41,2,1,1
BRF:5
BRH:5
end_of_record
TN:
SF:src/modules/users/services/CreateUserService.ts
FN:13,(anonymous_18)
FN:14,CreateUserService
FN:21,(anonymous_20)
FNF:3
FNH:3
FNDA:2,(anonymous_18)
FNDA:5,CreateUserService
FNDA:5,(anonymous_20)
DA:1,2
DA:2,2
DA:13,2
DA:16,5
DA:18,5
DA:21,5
DA:22,5
DA:24,5
DA:25,1
DA:27,4
DA:29,4
DA:34,8
DA:36,4
DA:38,2
LF:14
LH:14
BRDA:22,0,0,5
BRDA:24,1,0,1
BRDA:24,1,1,4
BRF:3
BRH:3
end_of_record
TN:
SF:src/modules/users/services/ForgotPasswordService.ts
FN:12,(anonymous_18)
FN:13,ForgotPasswordService
FN:22,(anonymous_20)
FNF:3
FNH:3
FNDA:1,(anonymous_18)
FNDA:3,ForgotPasswordService
FNDA:3,(anonymous_20)
DA:1,1
DA:2,1
DA:4,1
DA:12,1
DA:15,3
DA:17,3
DA:19,3
DA:22,3
DA:23,3
DA:25,3
DA:26,1
DA:29,2
DA:30,2
DA:37,4
DA:52,1
LF:15
LH:15
BRDA:23,0,0,3
BRDA:25,1,0,1
BRDA:25,1,1,2
BRF:3
BRH:3
end_of_record
TN:
SF:src/modules/users/services/ResetPasswordService.ts
FN:14,(anonymous_18)
FN:15,ResetPasswordService
FN:24,(anonymous_20)
FNF:3
FNH:3
FNDA:1,(anonymous_18)
FNDA:4,ResetPasswordService
FNDA:4,(anonymous_20)
DA:2,1
DA:3,1
DA:4,1
DA:14,1
DA:17,4
DA:19,4
DA:21,4
DA:24,4
DA:25,4
DA:26,4
DA:27,1
DA:29,3
DA:30,3
DA:31,1
DA:34,2
DA:35,2
DA:37,2
DA:38,1
DA:40,1
DA:42,2
DA:44,1
LF:21
LH:21
BRDA:25,0,0,4
BRDA:26,1,0,1
BRDA:26,1,1,3
BRDA:30,2,0,1
BRDA:30,2,1,2
BRDA:37,3,0,1
BRDA:37,3,1,1
BRF:7
BRH:7
end_of_record
TN:
SF:src/modules/users/services/ShowProfileService.ts
FN:10,(anonymous_18)
FN:11,ShowProfileService
FN:16,(anonymous_20)
FNF:3
FNH:3
FNDA:1,(anonymous_18)
FNDA:2,ShowProfileService
FNDA:2,(anonymous_20)
DA:1,1
DA:2,1
DA:10,1
DA:13,2
DA:16,2
DA:17,2
DA:19,2
DA:20,1
DA:23,1
DA:25,1
LF:10
LH:10
BRDA:17,0,0,2
BRDA:19,1,0,1
BRDA:19,1,1,1
BRF:3
BRH:3
end_of_record
TN:
SF:src/modules/users/services/UpdateProfileService.ts
FN:15,(anonymous_18)
FN:16,UpdateProfileService
FN:23,(anonymous_20)
FNF:3
FNH:3
FNDA:1,(anonymous_18)
FNDA:6,UpdateProfileService
FNDA:6,(anonymous_20)
DA:1,1
DA:2,1
DA:15,1
DA:18,6
DA:20,6
DA:23,1
DA:24,6
DA:25,6
DA:26,6
DA:27,6
DA:28,6
DA:30,6
DA:32,6
DA:33,1
DA:35,5
DA:36,5
DA:37,1
DA:40,4
DA:41,4
DA:42,4
DA:43,1
DA:47,4
DA:48,2
DA:52,2
DA:53,1
DA:57,3
DA:58,1
DA:61,2
DA:63,1
LF:29
LH:29
BRDA:30,0,0,6
BRDA:30,0,1,2
BRDA:32,1,0,1
BRDA:32,1,1,5
BRDA:36,2,0,1
BRDA:36,2,1,4
BRDA:36,3,0,5
BRDA:36,3,1,1
BRDA:42,4,0,1
BRDA:42,4,1,3
BRDA:42,5,0,4
BRDA:42,5,1,3
BRDA:47,6,0,1
BRDA:47,6,1,2
BRDA:47,7,0,3
BRDA:47,7,1,2
BRDA:52,8,0,1
BRDA:52,8,1,1
BRDA:57,9,0,1
BRDA:57,9,1,1
BRF:20
BRH:20
end_of_record
TN:
SF:src/modules/users/services/UpdateUserAvatarService.ts
FN:13,(anonymous_18)
FN:14,UpdateUserAvatarService
FN:21,(anonymous_20)
FNF:3
FNH:3
FNDA:1,(anonymous_18)
FNDA:3,UpdateUserAvatarService
FNDA:4,(anonymous_20)
DA:1,1
DA:2,1
DA:3,1
DA:13,1
DA:16,3
DA:18,3
DA:21,1
DA:22,4
DA:23,4
DA:25,4
DA:27,4
DA:28,1
DA:30,3
DA:31,1
DA:34,3
DA:35,3
DA:36,6
DA:37,3
DA:39,1
LF:19
LH:19
BRDA:25,0,0,4
BRDA:27,1,0,1
BRDA:27,1,1,3
BRDA:30,2,0,1
BRDA:30,2,1,2
BRF:5
BRH:5
end_of_record
